[debug] [2025-10-28T17:50:11.814Z] ----------------------------------------------------------------------
[debug] [2025-10-28T17:50:11.816Z] Command:       /home/labso25/.nvm/versions/node/v22.21.0/bin/node /home/labso25/.nvm/versions/node/v22.21.0/bin/firebase init
[debug] [2025-10-28T17:50:11.816Z] CLI Version:   14.22.0
[debug] [2025-10-28T17:50:11.816Z] Platform:      linux
[debug] [2025-10-28T17:50:11.816Z] Node Version:  v22.21.0
[debug] [2025-10-28T17:50:11.816Z] Time:          Tue Oct 28 2025 11:50:11 GMT-0600 (hora estándar central)
[debug] [2025-10-28T17:50:11.816Z] ----------------------------------------------------------------------
[debug] 
[info] 
     ######## #### ########  ######## ########     ###     ######  ########
     ##        ##  ##     ## ##       ##     ##  ##   ##  ##       ##
     ######    ##  ########  ######   ########  #########  ######  ######
     ##        ##  ##    ##  ##       ##     ## ##     ##       ## ##
     ##       #### ##     ## ######## ########  ##     ##  ######  ########

You're about to initialize a Firebase project in this directory:

  /home/labso25/mi-app/mi-app-modular

[debug] [2025-10-28T17:51:09.741Z] ExitPromptError: User force closed the prompt with SIGINT
    at Interface.sigint (/home/labso25/.nvm/versions/node/v22.21.0/lib/node_modules/firebase-tools/node_modules/@inquirer/core/dist/commonjs/lib/create-prompt.js:101:37)
    at Interface.emit (node:events:519:28)
    at Interface.emit (node:domain:489:12)
    at [_ttyWrite] [as _ttyWrite] (node:internal/readline/interface:1134:18)
    at ReadStream.onkeypress (node:internal/readline/interface:271:20)
    at ReadStream.emit (node:events:531:35)
    at ReadStream.emit (node:domain:489:12)
    at emitKeys (node:internal/readline/utils:370:14)
    at emitKeys.next (<anonymous>)
    at ReadStream.onData (node:internal/readline/emitKeypressEvents:64:36)
[error] 
[error] Error: An unexpected error has occurred.
